app/build/outputs/logs/manifest-merger-release-report.txt
-- Merging decision tree log ---
manifest
ADDED from src/main/AndroidManifest.xml:11:1-88:12
	package
		ADDED from src/main/AndroidManifest.xml:12:5-42
		INJECTED from src/main/AndroidManifest.xml
		INJECTED from src/main/AndroidManifest.xml
	android:versionName
		ADDED from src/main/AndroidManifest.xml:14:5-42
		INJECTED from src/main/AndroidManifest.xml
		INJECTED from src/main/AndroidManifest.xml
	android:versionCode
		ADDED from src/main/AndroidManifest.xml:13:5-37
		INJECTED from src/main/AndroidManifest.xml
		INJECTED from src/main/AndroidManifest.xml
	xmlns:android
		ADDED from src/main/AndroidManifest.xml:11:11-69
uses-sdk
ADDED from src/main/AndroidManifest.xml:16:5-18:41
	android:targetSdkVersion
		ADDED from src/main/AndroidManifest.xml:18:9-38
		INJECTED from src/main/AndroidManifest.xml
		INJECTED from src/main/AndroidManifest.xml
	android:minSdkVersion
		ADDED from src/main/AndroidManifest.xml:17:9-35
		INJECTED from src/main/AndroidManifest.xml
		INJECTED from src/main/AndroidManifest.xml
uses-permission#android.permission.WAKE_LOCK
ADDED from src/main/AndroidManifest.xml:19:5-67
	android:name
		ADDED from src/main/AndroidManifest.xml:19:22-65
uses-permission#android.permission.VIBRATE
ADDED from src/main/AndroidManifest.xml:20:5-66
	android:name
		ADDED from src/main/AndroidManifest.xml:20:22-63
uses-permission#android.permission.READ_EXTERNAL_STORAGE
ADDED from src/main/AndroidManifest.xml:21:5-79
	android:name
		ADDED from src/main/AndroidManifest.xml:21:22-77
uses-permission#android.permission.WRITE_EXTERNAL_STORAGE
ADDED from src/main/AndroidManifest.xml:22:5-80
	android:name
		ADDED from src/main/AndroidManifest.xml:22:22-78
application
ADDED from src/main/AndroidManifest.xml:24:5-86:16
	android:label
		ADDED from src/main/AndroidManifest.xml:27:9-41
	android:allowBackup
		ADDED from src/main/AndroidManifest.xml:25:9-35
	android:icon
		ADDED from src/main/AndroidManifest.xml:26:9-43
	android:theme
		ADDED from src/main/AndroidManifest.xml:28:9-40
activity#au.com.adilamtech.app.arcus.MainActivity
ADDED from src/main/AndroidManifest.xml:29:9-37:20
	android:screenOrientation
		ADDED from src/main/AndroidManifest.xml:32:13-49
	android:label
		ADDED from src/main/AndroidManifest.xml:31:13-45
	android:name
		ADDED from src/main/AndroidManifest.xml:30:13-68
intent-filter#android.intent.action.MAIN+android.intent.category.LAUNCHER
ADDED from src/main/AndroidManifest.xml:33:13-36:29
action#android.intent.action.MAIN
ADDED from src/main/AndroidManifest.xml:34:17-69
	android:name
		ADDED from src/main/AndroidManifest.xml:34:25-66
category#android.intent.category.LAUNCHER
ADDED from src/main/AndroidManifest.xml:35:17-77
	android:name
		ADDED from src/main/AndroidManifest.xml:35:27-74
activity#au.com.adilamtech.app.arcus.FindTagActivity
ADDED from src/main/AndroidManifest.xml:38:9-44:20
	android:screenOrientation
		ADDED from src/main/AndroidManifest.xml:43:13-49
	android:label
		ADDED from src/main/AndroidManifest.xml:41:13-51
	android:windowSoftInputMode
		ADDED from src/main/AndroidManifest.xml:42:13-54
	android:icon
		ADDED from src/main/AndroidManifest.xml:40:13-50
	android:name
		ADDED from src/main/AndroidManifest.xml:39:13-44
activity#com.atid.app.rfid.view.InventoryActivity
ADDED from src/main/AndroidManifest.xml:45:9-51:20
	android:screenOrientation
		ADDED from src/main/AndroidManifest.xml:50:13-49
	android:label
		ADDED from src/main/AndroidManifest.xml:48:13-52
	android:windowSoftInputMode
		ADDED from src/main/AndroidManifest.xml:49:13-54
	android:icon
		ADDED from src/main/AndroidManifest.xml:47:13-50
	android:name
		ADDED from src/main/AndroidManifest.xml:46:13-68
activity#com.atid.app.rfid.view.ReadMemoryActivity
ADDED from src/main/AndroidManifest.xml:52:9-58:20
	android:screenOrientation
		ADDED from src/main/AndroidManifest.xml:57:13-49
	android:label
		ADDED from src/main/AndroidManifest.xml:55:13-54
	android:windowSoftInputMode
		ADDED from src/main/AndroidManifest.xml:56:13-54
	android:icon
		ADDED from src/main/AndroidManifest.xml:54:13-45
	android:name
		ADDED from src/main/AndroidManifest.xml:53:13-69
activity#com.atid.app.rfid.view.WriteMemoryActivity
ADDED from src/main/AndroidManifest.xml:59:9-65:20
	android:screenOrientation
		ADDED from src/main/AndroidManifest.xml:64:13-49
	android:label
		ADDED from src/main/AndroidManifest.xml:62:13-55
	android:windowSoftInputMode
		ADDED from src/main/AndroidManifest.xml:63:13-54
	android:icon
		ADDED from src/main/AndroidManifest.xml:61:13-46
	android:name
		ADDED from src/main/AndroidManifest.xml:60:13-70
activity#com.atid.app.rfid.view.LockMemoryActivity
ADDED from src/main/AndroidManifest.xml:66:9-72:20
	android:screenOrientation
		ADDED from src/main/AndroidManifest.xml:71:13-49
	android:label
		ADDED from src/main/AndroidManifest.xml:69:13-54
	android:windowSoftInputMode
		ADDED from src/main/AndroidManifest.xml:70:13-54
	android:icon
		ADDED from src/main/AndroidManifest.xml:68:13-45
	android:name
		ADDED from src/main/AndroidManifest.xml:67:13-69
activity#com.atid.app.rfid.view.OptionActivity
ADDED from src/main/AndroidManifest.xml:73:9-79:20
	android:screenOrientation
		ADDED from src/main/AndroidManifest.xml:78:13-49
	android:label
		ADDED from src/main/AndroidManifest.xml:76:13-49
	android:windowSoftInputMode
		ADDED from src/main/AndroidManifest.xml:77:13-54
	android:icon
		ADDED from src/main/AndroidManifest.xml:75:13-47
	android:name
		ADDED from src/main/AndroidManifest.xml:74:13-65
activity#com.atid.app.rfid.view.SelectionMask6cActivity
ADDED from src/main/AndroidManifest.xml:80:9-85:20
	android:screenOrientation
		ADDED from src/main/AndroidManifest.xml:84:13-49
	android:label
		ADDED from src/main/AndroidManifest.xml:82:13-47
	android:windowSoftInputMode
		ADDED from src/main/AndroidManifest.xml:83:13-54
	android:name
		ADDED from src/main/AndroidManifest.xml:81:13-74